# JRE version: Java(TM) SE Runtime Environment (8.0_261-b12) (build 1.8.0_261-b12)
# Java VM: Java HotSpot(TM) 64-Bit Server VM (25.261-b12 mixed mode windows-amd64 compressed oops)
Heap:
 PSYoungGen      total 122368K, used 37362K [0x000000076b100000, 0x0000000774300000, 0x00000007c0000000)
  eden space 114688K, 26% used [0x000000076b100000,0x000000076ce45b18,0x0000000772100000)
  from space 7680K, 96% used [0x0000000773b80000,0x00000007742b6fb0,0x0000000774300000)
  to   space 10752K, 0% used [0x0000000772e00000,0x0000000772e00000,0x0000000773880000)
 ParOldGen       total 87552K, used 6590K [0x00000006c1200000, 0x00000006c6780000, 0x000000076b100000)
  object space 87552K, 7% used [0x00000006c1200000,0x00000006c186fa00,0x00000006c6780000)
 Metaspace       used 28602K, capacity 30394K, committed 30592K, reserved 1075200K
  class space    used 3876K, capacity 4199K, committed 4224K, reserved 1048576K
GC Heap History (10 events):
Event: 1.400 GC heap before
{Heap before GC invocations=1 (full 0):
 PSYoungGen      total 76288K, used 65536K [0x000000076b100000, 0x0000000770600000, 0x00000007c0000000)
  eden space 65536K, 100% used [0x000000076b100000,0x000000076f100000,0x000000076f100000)
  from space 10752K, 0% used [0x000000076fb80000,0x000000076fb80000,0x0000000770600000)
  to   space 10752K, 0% used [0x000000076f100000,0x000000076f100000,0x000000076fb80000)
 ParOldGen       total 175104K, used 0K [0x00000006c1200000, 0x00000006cbd00000, 0x000000076b100000)
  object space 175104K, 0% used [0x00000006c1200000,0x00000006c12001c8,0x00000006cbd00000)
 Metaspace       used 14777K, capacity 15330K, committed 15744K, reserved 1062912K
  class space    used 1903K, capacity 2053K, committed 2176K, reserved 1048576K
Event: 1.409 GC heap after
Heap after GC invocations=1 (full 0):
 PSYoungGen      total 76288K, used 8768K [0x000000076b100000, 0x0000000770600000, 0x00000007c0000000)
  eden space 65536K, 0% used [0x000000076b100000,0x000000076b100000,0x000000076f100000)
  from space 10752K, 81% used [0x000000076f100000,0x000000076f990028,0x000000076fb80000)
  to   space 10752K, 0% used [0x000000076fb80000,0x000000076fb80000,0x0000000770600000)
 ParOldGen       total 175104K, used 16K [0x00000006c1200000, 0x00000006cbd00000, 0x000000076b100000)
  object space 175104K, 0% used [0x00000006c1200000,0x00000006c12041c8,0x00000006cbd00000)
 Metaspace       used 14777K, capacity 15330K, committed 15744K, reserved 1062912K
  class space    used 1903K, capacity 2053K, committed 2176K, reserved 1048576K
}
Event: 1.862 GC heap before
{Heap before GC invocations=2 (full 0):
 PSYoungGen      total 76288K, used 74304K [0x000000076b100000, 0x0000000770600000, 0x00000007c0000000)
  eden space 65536K, 100% used [0x000000076b100000,0x000000076f100000,0x000000076f100000)
  from space 10752K, 81% used [0x000000076f100000,0x000000076f990028,0x000000076fb80000)
  to   space 10752K, 0% used [0x000000076fb80000,0x000000076fb80000,0x0000000770600000)
 ParOldGen       total 175104K, used 18K [0x00000006c1200000, 0x00000006cbd00000, 0x000000076b100000)
  object space 175104K, 0% used [0x00000006c1200000,0x00000006c1204bf8,0x00000006cbd00000)
 Metaspace       used 19875K, capacity 20814K, committed 21120K, reserved 1067008K
  class space    used 2653K, capacity 2871K, committed 2944K, reserved 1048576K
Event: 1.869 GC heap after
Heap after GC invocations=2 (full 0):
 PSYoungGen      total 76288K, used 10743K [0x000000076b100000, 0x0000000774600000, 0x00000007c0000000)
  eden space 65536K, 0% used [0x000000076b100000,0x000000076b100000,0x000000076f100000)
  from space 10752K, 99% used [0x000000076fb80000,0x00000007705fde70,0x0000000770600000)
  to   space 10752K, 0% used [0x000000076f100000,0x000000076f100000,0x000000076fb80000)
 ParOldGen       total 175104K, used 334K [0x00000006c1200000, 0x00000006cbd00000, 0x000000076b100000)
  object space 175104K, 0% used [0x00000006c1200000,0x00000006c1253a10,0x00000006cbd00000)
 Metaspace       used 19875K, capacity 20814K, committed 21120K, reserved 1067008K
  class space    used 2653K, capacity 2871K, committed 2944K, reserved 1048576K
}
Event: 1.904 GC heap before
{Heap before GC invocations=3 (full 0):
 PSYoungGen      total 76288K, used 18050K [0x000000076b100000, 0x0000000774600000, 0x00000007c0000000)
  eden space 65536K, 11% used [0x000000076b100000,0x000000076b8229f8,0x000000076f100000)
  from space 10752K, 99% used [0x000000076fb80000,0x00000007705fde70,0x0000000770600000)
  to   space 10752K, 0% used [0x000000076f100000,0x000000076f100000,0x000000076fb80000)
 ParOldGen       total 175104K, used 334K [0x00000006c1200000, 0x00000006cbd00000, 0x000000076b100000)
  object space 175104K, 0% used [0x00000006c1200000,0x00000006c1253a10,0x00000006cbd00000)
 Metaspace       used 20370K, capacity 21276K, committed 21296K, reserved 1067008K
  class space    used 2723K, capacity 2938K, committed 2944K, reserved 1048576K
Event: 1.908 GC heap after
Heap after GC invocations=3 (full 0):
 PSYoungGen      total 76288K, used 6796K [0x000000076b100000, 0x0000000774600000, 0x00000007c0000000)
  eden space 65536K, 0% used [0x000000076b100000,0x000000076b100000,0x000000076f100000)
  from space 10752K, 63% used [0x000000076f100000,0x000000076f7a32b0,0x000000076fb80000)
  to   space 10752K, 0% used [0x0000000773b80000,0x0000000773b80000,0x0000000774600000)
 ParOldGen       total 175104K, used 342K [0x00000006c1200000, 0x00000006cbd00000, 0x000000076b100000)
  object space 175104K, 0% used [0x00000006c1200000,0x00000006c1255a10,0x00000006cbd00000)
 Metaspace       used 20370K, capacity 21276K, committed 21296K, reserved 1067008K
  class space    used 2723K, capacity 2938K, committed 2944K, reserved 1048576K
}
Event: 1.908 GC heap before
{Heap before GC invocations=4 (full 1):
 PSYoungGen      total 76288K, used 6796K [0x000000076b100000, 0x0000000774600000, 0x00000007c0000000)
  eden space 65536K, 0% used [0x000000076b100000,0x000000076b100000,0x000000076f100000)
  from space 10752K, 63% used [0x000000076f100000,0x000000076f7a32b0,0x000000076fb80000)
  to   space 10752K, 0% used [0x0000000773b80000,0x0000000773b80000,0x0000000774600000)
 ParOldGen       total 175104K, used 342K [0x00000006c1200000, 0x00000006cbd00000, 0x000000076b100000)
  object space 175104K, 0% used [0x00000006c1200000,0x00000006c1255a10,0x00000006cbd00000)
 Metaspace       used 20370K, capacity 21276K, committed 21296K, reserved 1067008K
  class space    used 2723K, capacity 2938K, committed 2944K, reserved 1048576K
Event: 1.928 GC heap after
Heap after GC invocations=4 (full 1):
 PSYoungGen      total 76288K, used 0K [0x000000076b100000, 0x0000000774600000, 0x00000007c0000000)
  eden space 65536K, 0% used [0x000000076b100000,0x000000076b100000,0x000000076f100000)
  from space 10752K, 0% used [0x000000076f100000,0x000000076f100000,0x000000076fb80000)
  to   space 10752K, 0% used [0x0000000773b80000,0x0000000773b80000,0x0000000774600000)
 ParOldGen       total 87552K, used 6582K [0x00000006c1200000, 0x00000006c6780000, 0x000000076b100000)
  object space 87552K, 7% used [0x00000006c1200000,0x00000006c186da00,0x00000006c6780000)
 Metaspace       used 20370K, capacity 21276K, committed 21296K, reserved 1067008K
  class space    used 2723K, capacity 2938K, committed 2944K, reserved 1048576K
}
Event: 2.397 GC heap before
{Heap before GC invocations=5 (full 1):
 PSYoungGen      total 76288K, used 65536K [0x000000076b100000, 0x0000000774600000, 0x00000007c0000000)
  eden space 65536K, 100% used [0x000000076b100000,0x000000076f100000,0x000000076f100000)
  from space 10752K, 0% used [0x000000076f100000,0x000000076f100000,0x000000076fb80000)
  to   space 10752K, 0% used [0x0000000773b80000,0x0000000773b80000,0x0000000774600000)
 ParOldGen       total 87552K, used 6582K [0x00000006c1200000, 0x00000006c6780000, 0x000000076b100000)
  object space 87552K, 7% used [0x00000006c1200000,0x00000006c186da00,0x00000006c6780000)
 Metaspace       used 26407K, capacity 28006K, committed 28288K, reserved 1073152K
  class space    used 3556K, capacity 3857K, committed 3968K, reserved 1048576K
Event: 2.403 GC heap after
Heap after GC invocations=5 (full 1):
 PSYoungGen      total 122368K, used 7387K [0x000000076b100000, 0x0000000774300000, 0x00000007c0000000)
  eden space 114688K, 0% used [0x000000076b100000,0x000000076b100000,0x0000000772100000)
  from space 7680K, 96% used [0x0000000773b80000,0x00000007742b6fb0,0x0000000774300000)
  to   space 10752K, 0% used [0x0000000772e00000,0x0000000772e00000,0x0000000773880000)
 ParOldGen       total 87552K, used 6590K [0x00000006c1200000, 0x00000006c6780000, 0x000000076b100000)
  object space 87552K, 7% used [0x00000006c1200000,0x00000006c186fa00,0x00000006c6780000)
 Metaspace       used 26407K, capacity 28006K, committed 28288K, reserved 1073152K
  class space    used 3556K, capacity 3857K, committed 3968K, reserved 1048576K
}

