# JRE version: Java(TM) SE Runtime Environment (8.0_261-b12) (build 1.8.0_261-b12)
# Java VM: Java HotSpot(TM) 64-Bit Server VM (25.261-b12 mixed mode windows-amd64 compressed oops)
Heap:
 PSYoungGen      total 118272K, used 39159K [0x000000076b100000, 0x0000000774300000, 0x00000007c0000000)
  eden space 110592K, 28% used [0x000000076b100000,0x000000076d0096e8,0x0000000771d00000)
  from space 7680K, 96% used [0x0000000773b80000,0x00000007742b48a8,0x0000000774300000)
  to   space 10752K, 0% used [0x0000000772e00000,0x0000000772e00000,0x0000000773880000)
 ParOldGen       total 91136K, used 6570K [0x00000006c1200000, 0x00000006c6b00000, 0x000000076b100000)
  object space 91136K, 7% used [0x00000006c1200000,0x00000006c186ab58,0x00000006c6b00000)
 Metaspace       used 28598K, capacity 30422K, committed 30720K, reserved 1075200K
  class space    used 3884K, capacity 4231K, committed 4352K, reserved 1048576K
GC Heap History (10 events):
Event: 1.974 GC heap before
{Heap before GC invocations=1 (full 0):
 PSYoungGen      total 76288K, used 65536K [0x000000076b100000, 0x0000000770600000, 0x00000007c0000000)
  eden space 65536K, 100% used [0x000000076b100000,0x000000076f100000,0x000000076f100000)
  from space 10752K, 0% used [0x000000076fb80000,0x000000076fb80000,0x0000000770600000)
  to   space 10752K, 0% used [0x000000076f100000,0x000000076f100000,0x000000076fb80000)
 ParOldGen       total 175104K, used 0K [0x00000006c1200000, 0x00000006cbd00000, 0x000000076b100000)
  object space 175104K, 0% used [0x00000006c1200000,0x00000006c1200000,0x00000006cbd00000)
 Metaspace       used 14796K, capacity 15330K, committed 15744K, reserved 1062912K
  class space    used 1904K, capacity 2053K, committed 2176K, reserved 1048576K
Event: 1.985 GC heap after
Heap after GC invocations=1 (full 0):
 PSYoungGen      total 76288K, used 8739K [0x000000076b100000, 0x0000000770600000, 0x00000007c0000000)
  eden space 65536K, 0% used [0x000000076b100000,0x000000076b100000,0x000000076f100000)
  from space 10752K, 81% used [0x000000076f100000,0x000000076f988fb0,0x000000076fb80000)
  to   space 10752K, 0% used [0x000000076fb80000,0x000000076fb80000,0x0000000770600000)
 ParOldGen       total 175104K, used 16K [0x00000006c1200000, 0x00000006cbd00000, 0x000000076b100000)
  object space 175104K, 0% used [0x00000006c1200000,0x00000006c1204000,0x00000006cbd00000)
 Metaspace       used 14796K, capacity 15330K, committed 15744K, reserved 1062912K
  class space    used 1904K, capacity 2053K, committed 2176K, reserved 1048576K
}
Event: 2.543 GC heap before
{Heap before GC invocations=2 (full 0):
 PSYoungGen      total 76288K, used 74275K [0x000000076b100000, 0x0000000770600000, 0x00000007c0000000)
  eden space 65536K, 100% used [0x000000076b100000,0x000000076f100000,0x000000076f100000)
  from space 10752K, 81% used [0x000000076f100000,0x000000076f988fb0,0x000000076fb80000)
  to   space 10752K, 0% used [0x000000076fb80000,0x000000076fb80000,0x0000000770600000)
 ParOldGen       total 175104K, used 16K [0x00000006c1200000, 0x00000006cbd00000, 0x000000076b100000)
  object space 175104K, 0% used [0x00000006c1200000,0x00000006c1204000,0x00000006cbd00000)
 Metaspace       used 19888K, capacity 20814K, committed 21120K, reserved 1067008K
  class space    used 2654K, capacity 2871K, committed 2944K, reserved 1048576K
Event: 2.554 GC heap after
Heap after GC invocations=2 (full 0):
 PSYoungGen      total 76288K, used 10724K [0x000000076b100000, 0x0000000774600000, 0x00000007c0000000)
  eden space 65536K, 0% used [0x000000076b100000,0x000000076b100000,0x000000076f100000)
  from space 10752K, 99% used [0x000000076fb80000,0x00000007705f90e8,0x0000000770600000)
  to   space 10752K, 0% used [0x000000076f100000,0x000000076f100000,0x000000076fb80000)
 ParOldGen       total 175104K, used 332K [0x00000006c1200000, 0x00000006cbd00000, 0x000000076b100000)
  object space 175104K, 0% used [0x00000006c1200000,0x00000006c12530d0,0x00000006cbd00000)
 Metaspace       used 19888K, capacity 20814K, committed 21120K, reserved 1067008K
  class space    used 2654K, capacity 2871K, committed 2944K, reserved 1048576K
}
Event: 2.613 GC heap before
{Heap before GC invocations=3 (full 0):
 PSYoungGen      total 76288K, used 17971K [0x000000076b100000, 0x0000000774600000, 0x00000007c0000000)
  eden space 65536K, 11% used [0x000000076b100000,0x000000076b813e18,0x000000076f100000)
  from space 10752K, 99% used [0x000000076fb80000,0x00000007705f90e8,0x0000000770600000)
  to   space 10752K, 0% used [0x000000076f100000,0x000000076f100000,0x000000076fb80000)
 ParOldGen       total 175104K, used 332K [0x00000006c1200000, 0x00000006cbd00000, 0x000000076b100000)
  object space 175104K, 0% used [0x00000006c1200000,0x00000006c12530d0,0x00000006cbd00000)
 Metaspace       used 20369K, capacity 21276K, committed 21296K, reserved 1067008K
  class space    used 2722K, capacity 2938K, committed 2944K, reserved 1048576K
Event: 2.619 GC heap after
Heap after GC invocations=3 (full 0):
 PSYoungGen      total 76288K, used 6722K [0x000000076b100000, 0x0000000774600000, 0x00000007c0000000)
  eden space 65536K, 0% used [0x000000076b100000,0x000000076b100000,0x000000076f100000)
  from space 10752K, 62% used [0x000000076f100000,0x000000076f790878,0x000000076fb80000)
  to   space 10752K, 0% used [0x0000000773b80000,0x0000000773b80000,0x0000000774600000)
 ParOldGen       total 175104K, used 340K [0x00000006c1200000, 0x00000006cbd00000, 0x000000076b100000)
  object space 175104K, 0% used [0x00000006c1200000,0x00000006c12550d0,0x00000006cbd00000)
 Metaspace       used 20369K, capacity 21276K, committed 21296K, reserved 1067008K
  class space    used 2722K, capacity 2938K, committed 2944K, reserved 1048576K
}
Event: 2.619 GC heap before
{Heap before GC invocations=4 (full 1):
 PSYoungGen      total 76288K, used 6722K [0x000000076b100000, 0x0000000774600000, 0x00000007c0000000)
  eden space 65536K, 0% used [0x000000076b100000,0x000000076b100000,0x000000076f100000)
  from space 10752K, 62% used [0x000000076f100000,0x000000076f790878,0x000000076fb80000)
  to   space 10752K, 0% used [0x0000000773b80000,0x0000000773b80000,0x0000000774600000)
 ParOldGen       total 175104K, used 340K [0x00000006c1200000, 0x00000006cbd00000, 0x000000076b100000)
  object space 175104K, 0% used [0x00000006c1200000,0x00000006c12550d0,0x00000006cbd00000)
 Metaspace       used 20369K, capacity 21276K, committed 21296K, reserved 1067008K
  class space    used 2722K, capacity 2938K, committed 2944K, reserved 1048576K
Event: 2.657 GC heap after
Heap after GC invocations=4 (full 1):
 PSYoungGen      total 76288K, used 0K [0x000000076b100000, 0x0000000774600000, 0x00000007c0000000)
  eden space 65536K, 0% used [0x000000076b100000,0x000000076b100000,0x000000076f100000)
  from space 10752K, 0% used [0x000000076f100000,0x000000076f100000,0x000000076fb80000)
  to   space 10752K, 0% used [0x0000000773b80000,0x0000000773b80000,0x0000000774600000)
 ParOldGen       total 91136K, used 6562K [0x00000006c1200000, 0x00000006c6b00000, 0x000000076b100000)
  object space 91136K, 7% used [0x00000006c1200000,0x00000006c1868b58,0x00000006c6b00000)
 Metaspace       used 20369K, capacity 21276K, committed 21296K, reserved 1067008K
  class space    used 2722K, capacity 2938K, committed 2944K, reserved 1048576K
}
Event: 3.480 GC heap before
{Heap before GC invocations=5 (full 1):
 PSYoungGen      total 76288K, used 65536K [0x000000076b100000, 0x0000000774600000, 0x00000007c0000000)
  eden space 65536K, 100% used [0x000000076b100000,0x000000076f100000,0x000000076f100000)
  from space 10752K, 0% used [0x000000076f100000,0x000000076f100000,0x000000076fb80000)
  to   space 10752K, 0% used [0x0000000773b80000,0x0000000773b80000,0x0000000774600000)
 ParOldGen       total 91136K, used 6562K [0x00000006c1200000, 0x00000006c6b00000, 0x000000076b100000)
  object space 91136K, 7% used [0x00000006c1200000,0x00000006c1868b58,0x00000006c6b00000)
 Metaspace       used 26406K, capacity 28006K, committed 28288K, reserved 1073152K
  class space    used 3562K, capacity 3857K, committed 3968K, reserved 1048576K
Event: 3.489 GC heap after
Heap after GC invocations=5 (full 1):
 PSYoungGen      total 118272K, used 7378K [0x000000076b100000, 0x0000000774300000, 0x00000007c0000000)
  eden space 110592K, 0% used [0x000000076b100000,0x000000076b100000,0x0000000771d00000)
  from space 7680K, 96% used [0x0000000773b80000,0x00000007742b48a8,0x0000000774300000)
  to   space 10752K, 0% used [0x0000000772e00000,0x0000000772e00000,0x0000000773880000)
 ParOldGen       total 91136K, used 6570K [0x00000006c1200000, 0x00000006c6b00000, 0x000000076b100000)
  object space 91136K, 7% used [0x00000006c1200000,0x00000006c186ab58,0x00000006c6b00000)
 Metaspace       used 26406K, capacity 28006K, committed 28288K, reserved 1073152K
  class space    used 3562K, capacity 3857K, committed 3968K, reserved 1048576K
}

