# JRE version: Java(TM) SE Runtime Environment (8.0_261-b12) (build 1.8.0_261-b12)
# Java VM: Java HotSpot(TM) 64-Bit Server VM (25.261-b12 mixed mode windows-amd64 compressed oops)
Heap:
 PSYoungGen      total 122368K, used 36562K [0x000000076b100000, 0x0000000774300000, 0x00000007c0000000)
  eden space 114688K, 25% used [0x000000076b100000,0x000000076cd962d0,0x0000000772100000)
  from space 7680K, 94% used [0x0000000773b80000,0x000000077429e7a8,0x0000000774300000)
  to   space 10752K, 0% used [0x0000000772e00000,0x0000000772e00000,0x0000000773880000)
 ParOldGen       total 87552K, used 6577K [0x00000006c1200000, 0x00000006c6780000, 0x000000076b100000)
  object space 87552K, 7% used [0x00000006c1200000,0x00000006c186c600,0x00000006c6780000)
 Metaspace       used 28593K, capacity 30386K, committed 30592K, reserved 1075200K
  class space    used 3878K, capacity 4199K, committed 4224K, reserved 1048576K
GC Heap History (10 events):
Event: 1.397 GC heap before
{Heap before GC invocations=1 (full 0):
 PSYoungGen      total 76288K, used 65536K [0x000000076b100000, 0x0000000770600000, 0x00000007c0000000)
  eden space 65536K, 100% used [0x000000076b100000,0x000000076f100000,0x000000076f100000)
  from space 10752K, 0% used [0x000000076fb80000,0x000000076fb80000,0x0000000770600000)
  to   space 10752K, 0% used [0x000000076f100000,0x000000076f100000,0x000000076fb80000)
 ParOldGen       total 175104K, used 0K [0x00000006c1200000, 0x00000006cbd00000, 0x000000076b100000)
  object space 175104K, 0% used [0x00000006c1200000,0x00000006c1200000,0x00000006cbd00000)
 Metaspace       used 14828K, capacity 15330K, committed 15744K, reserved 1062912K
  class space    used 1911K, capacity 2053K, committed 2176K, reserved 1048576K
Event: 1.403 GC heap after
Heap after GC invocations=1 (full 0):
 PSYoungGen      total 76288K, used 8772K [0x000000076b100000, 0x0000000770600000, 0x00000007c0000000)
  eden space 65536K, 0% used [0x000000076b100000,0x000000076b100000,0x000000076f100000)
  from space 10752K, 81% used [0x000000076f100000,0x000000076f991100,0x000000076fb80000)
  to   space 10752K, 0% used [0x000000076fb80000,0x000000076fb80000,0x0000000770600000)
 ParOldGen       total 175104K, used 16K [0x00000006c1200000, 0x00000006cbd00000, 0x000000076b100000)
  object space 175104K, 0% used [0x00000006c1200000,0x00000006c1204000,0x00000006cbd00000)
 Metaspace       used 14828K, capacity 15330K, committed 15744K, reserved 1062912K
  class space    used 1911K, capacity 2053K, committed 2176K, reserved 1048576K
}
Event: 1.890 GC heap before
{Heap before GC invocations=2 (full 0):
 PSYoungGen      total 76288K, used 74308K [0x000000076b100000, 0x0000000770600000, 0x00000007c0000000)
  eden space 65536K, 100% used [0x000000076b100000,0x000000076f100000,0x000000076f100000)
  from space 10752K, 81% used [0x000000076f100000,0x000000076f991100,0x000000076fb80000)
  to   space 10752K, 0% used [0x000000076fb80000,0x000000076fb80000,0x0000000770600000)
 ParOldGen       total 175104K, used 16K [0x00000006c1200000, 0x00000006cbd00000, 0x000000076b100000)
  object space 175104K, 0% used [0x00000006c1200000,0x00000006c1204000,0x00000006cbd00000)
 Metaspace       used 19908K, capacity 20810K, committed 21120K, reserved 1067008K
  class space    used 2659K, capacity 2871K, committed 2944K, reserved 1048576K
Event: 1.897 GC heap after
Heap after GC invocations=2 (full 0):
 PSYoungGen      total 76288K, used 10732K [0x000000076b100000, 0x0000000770600000, 0x00000007c0000000)
  eden space 65536K, 0% used [0x000000076b100000,0x000000076b100000,0x000000076f100000)
  from space 10752K, 99% used [0x000000076fb80000,0x00000007705fb160,0x0000000770600000)
  to   space 10752K, 0% used [0x000000076f100000,0x000000076f100000,0x000000076fb80000)
 ParOldGen       total 175104K, used 319K [0x00000006c1200000, 0x00000006cbd00000, 0x000000076b100000)
  object space 175104K, 0% used [0x00000006c1200000,0x00000006c124fd78,0x00000006cbd00000)
 Metaspace       used 19908K, capacity 20810K, committed 21120K, reserved 1067008K
  class space    used 2659K, capacity 2871K, committed 2944K, reserved 1048576K
}
Event: 1.934 GC heap before
{Heap before GC invocations=3 (full 0):
 PSYoungGen      total 76288K, used 17994K [0x000000076b100000, 0x0000000770600000, 0x00000007c0000000)
  eden space 65536K, 11% used [0x000000076b100000,0x000000076b817910,0x000000076f100000)
  from space 10752K, 99% used [0x000000076fb80000,0x00000007705fb160,0x0000000770600000)
  to   space 10752K, 0% used [0x000000076f100000,0x000000076f100000,0x000000076fb80000)
 ParOldGen       total 175104K, used 319K [0x00000006c1200000, 0x00000006cbd00000, 0x000000076b100000)
  object space 175104K, 0% used [0x00000006c1200000,0x00000006c124fd78,0x00000006cbd00000)
 Metaspace       used 20379K, capacity 21272K, committed 21296K, reserved 1067008K
  class space    used 2728K, capacity 2938K, committed 2944K, reserved 1048576K
Event: 1.938 GC heap after
Heap after GC invocations=3 (full 0):
 PSYoungGen      total 76288K, used 6779K [0x000000076b100000, 0x0000000774600000, 0x00000007c0000000)
  eden space 65536K, 0% used [0x000000076b100000,0x000000076b100000,0x000000076f100000)
  from space 10752K, 63% used [0x000000076f100000,0x000000076f79ed20,0x000000076fb80000)
  to   space 10752K, 0% used [0x0000000773b80000,0x0000000773b80000,0x0000000774600000)
 ParOldGen       total 175104K, used 327K [0x00000006c1200000, 0x00000006cbd00000, 0x000000076b100000)
  object space 175104K, 0% used [0x00000006c1200000,0x00000006c1251d78,0x00000006cbd00000)
 Metaspace       used 20379K, capacity 21272K, committed 21296K, reserved 1067008K
  class space    used 2728K, capacity 2938K, committed 2944K, reserved 1048576K
}
Event: 1.938 GC heap before
{Heap before GC invocations=4 (full 1):
 PSYoungGen      total 76288K, used 6779K [0x000000076b100000, 0x0000000774600000, 0x00000007c0000000)
  eden space 65536K, 0% used [0x000000076b100000,0x000000076b100000,0x000000076f100000)
  from space 10752K, 63% used [0x000000076f100000,0x000000076f79ed20,0x000000076fb80000)
  to   space 10752K, 0% used [0x0000000773b80000,0x0000000773b80000,0x0000000774600000)
 ParOldGen       total 175104K, used 327K [0x00000006c1200000, 0x00000006cbd00000, 0x000000076b100000)
  object space 175104K, 0% used [0x00000006c1200000,0x00000006c1251d78,0x00000006cbd00000)
 Metaspace       used 20379K, capacity 21272K, committed 21296K, reserved 1067008K
  class space    used 2728K, capacity 2938K, committed 2944K, reserved 1048576K
Event: 1.960 GC heap after
Heap after GC invocations=4 (full 1):
 PSYoungGen      total 76288K, used 0K [0x000000076b100000, 0x0000000774600000, 0x00000007c0000000)
  eden space 65536K, 0% used [0x000000076b100000,0x000000076b100000,0x000000076f100000)
  from space 10752K, 0% used [0x000000076f100000,0x000000076f100000,0x000000076fb80000)
  to   space 10752K, 0% used [0x0000000773b80000,0x0000000773b80000,0x0000000774600000)
 ParOldGen       total 87552K, used 6569K [0x00000006c1200000, 0x00000006c6780000, 0x000000076b100000)
  object space 87552K, 7% used [0x00000006c1200000,0x00000006c186a600,0x00000006c6780000)
 Metaspace       used 20379K, capacity 21272K, committed 21296K, reserved 1067008K
  class space    used 2728K, capacity 2938K, committed 2944K, reserved 1048576K
}
Event: 2.389 GC heap before
{Heap before GC invocations=5 (full 1):
 PSYoungGen      total 76288K, used 65536K [0x000000076b100000, 0x0000000774600000, 0x00000007c0000000)
  eden space 65536K, 100% used [0x000000076b100000,0x000000076f100000,0x000000076f100000)
  from space 10752K, 0% used [0x000000076f100000,0x000000076f100000,0x000000076fb80000)
  to   space 10752K, 0% used [0x0000000773b80000,0x0000000773b80000,0x0000000774600000)
 ParOldGen       total 87552K, used 6569K [0x00000006c1200000, 0x00000006c6780000, 0x000000076b100000)
  object space 87552K, 7% used [0x00000006c1200000,0x00000006c186a600,0x00000006c6780000)
 Metaspace       used 26421K, capacity 27998K, committed 28288K, reserved 1073152K
  class space    used 3561K, capacity 3857K, committed 3968K, reserved 1048576K
Event: 2.394 GC heap after
Heap after GC invocations=5 (full 1):
 PSYoungGen      total 122368K, used 7289K [0x000000076b100000, 0x0000000774300000, 0x00000007c0000000)
  eden space 114688K, 0% used [0x000000076b100000,0x000000076b100000,0x0000000772100000)
  from space 7680K, 94% used [0x0000000773b80000,0x000000077429e7a8,0x0000000774300000)
  to   space 10752K, 0% used [0x0000000772e00000,0x0000000772e00000,0x0000000773880000)
 ParOldGen       total 87552K, used 6577K [0x00000006c1200000, 0x00000006c6780000, 0x000000076b100000)
  object space 87552K, 7% used [0x00000006c1200000,0x00000006c186c600,0x00000006c6780000)
 Metaspace       used 26421K, capacity 27998K, committed 28288K, reserved 1073152K
  class space    used 3561K, capacity 3857K, committed 3968K, reserved 1048576K
}

