# JRE version: Java(TM) SE Runtime Environment (8.0_261-b12) (build 1.8.0_261-b12)
# Java VM: Java HotSpot(TM) 64-Bit Server VM (25.261-b12 mixed mode windows-amd64 compressed oops)
Heap:
 PSYoungGen      total 120320K, used 35915K [0x000000076b100000, 0x0000000774300000, 0x00000007c0000000)
  eden space 112640K, 25% used [0x000000076b100000,0x000000076cce5e88,0x0000000771f00000)
  from space 7680K, 95% used [0x0000000773b80000,0x00000007742ad130,0x0000000774300000)
  to   space 10752K, 0% used [0x0000000772e00000,0x0000000772e00000,0x0000000773880000)
 ParOldGen       total 89088K, used 6615K [0x00000006c1200000, 0x00000006c6900000, 0x000000076b100000)
  object space 89088K, 7% used [0x00000006c1200000,0x00000006c1875cc8,0x00000006c6900000)
 Metaspace       used 28568K, capacity 30390K, committed 30592K, reserved 1075200K
  class space    used 3876K, capacity 4199K, committed 4224K, reserved 1048576K
GC Heap History (10 events):
Event: 1.320 GC heap before
{Heap before GC invocations=1 (full 0):
 PSYoungGen      total 76288K, used 65536K [0x000000076b100000, 0x0000000770600000, 0x00000007c0000000)
  eden space 65536K, 100% used [0x000000076b100000,0x000000076f100000,0x000000076f100000)
  from space 10752K, 0% used [0x000000076fb80000,0x000000076fb80000,0x0000000770600000)
  to   space 10752K, 0% used [0x000000076f100000,0x000000076f100000,0x000000076fb80000)
 ParOldGen       total 175104K, used 0K [0x00000006c1200000, 0x00000006cbd00000, 0x000000076b100000)
  object space 175104K, 0% used [0x00000006c1200000,0x00000006c1200000,0x00000006cbd00000)
 Metaspace       used 14793K, capacity 15330K, committed 15744K, reserved 1062912K
  class space    used 1907K, capacity 2053K, committed 2176K, reserved 1048576K
Event: 1.327 GC heap after
Heap after GC invocations=1 (full 0):
 PSYoungGen      total 76288K, used 8758K [0x000000076b100000, 0x0000000770600000, 0x00000007c0000000)
  eden space 65536K, 0% used [0x000000076b100000,0x000000076b100000,0x000000076f100000)
  from space 10752K, 81% used [0x000000076f100000,0x000000076f98db38,0x000000076fb80000)
  to   space 10752K, 0% used [0x000000076fb80000,0x000000076fb80000,0x0000000770600000)
 ParOldGen       total 175104K, used 16K [0x00000006c1200000, 0x00000006cbd00000, 0x000000076b100000)
  object space 175104K, 0% used [0x00000006c1200000,0x00000006c1204000,0x00000006cbd00000)
 Metaspace       used 14793K, capacity 15330K, committed 15744K, reserved 1062912K
  class space    used 1907K, capacity 2053K, committed 2176K, reserved 1048576K
}
Event: 1.861 GC heap before
{Heap before GC invocations=2 (full 0):
 PSYoungGen      total 76288K, used 74294K [0x000000076b100000, 0x0000000770600000, 0x00000007c0000000)
  eden space 65536K, 100% used [0x000000076b100000,0x000000076f100000,0x000000076f100000)
  from space 10752K, 81% used [0x000000076f100000,0x000000076f98db38,0x000000076fb80000)
  to   space 10752K, 0% used [0x000000076fb80000,0x000000076fb80000,0x0000000770600000)
 ParOldGen       total 175104K, used 16K [0x00000006c1200000, 0x00000006cbd00000, 0x000000076b100000)
  object space 175104K, 0% used [0x00000006c1200000,0x00000006c1204000,0x00000006cbd00000)
 Metaspace       used 19853K, capacity 20814K, committed 21120K, reserved 1067008K
  class space    used 2654K, capacity 2871K, committed 2944K, reserved 1048576K
Event: 1.868 GC heap after
Heap after GC invocations=2 (full 0):
 PSYoungGen      total 76288K, used 10741K [0x000000076b100000, 0x0000000770600000, 0x00000007c0000000)
  eden space 65536K, 0% used [0x000000076b100000,0x000000076b100000,0x000000076f100000)
  from space 10752K, 99% used [0x000000076fb80000,0x00000007705fd710,0x0000000770600000)
  to   space 10752K, 0% used [0x000000076f100000,0x000000076f100000,0x000000076fb80000)
 ParOldGen       total 175104K, used 261K [0x00000006c1200000, 0x00000006cbd00000, 0x000000076b100000)
  object space 175104K, 0% used [0x00000006c1200000,0x00000006c1241708,0x00000006cbd00000)
 Metaspace       used 19853K, capacity 20814K, committed 21120K, reserved 1067008K
  class space    used 2654K, capacity 2871K, committed 2944K, reserved 1048576K
}
Event: 1.905 GC heap before
{Heap before GC invocations=3 (full 0):
 PSYoungGen      total 76288K, used 17963K [0x000000076b100000, 0x0000000770600000, 0x00000007c0000000)
  eden space 65536K, 11% used [0x000000076b100000,0x000000076b80d758,0x000000076f100000)
  from space 10752K, 99% used [0x000000076fb80000,0x00000007705fd710,0x0000000770600000)
  to   space 10752K, 0% used [0x000000076f100000,0x000000076f100000,0x000000076fb80000)
 ParOldGen       total 175104K, used 261K [0x00000006c1200000, 0x00000006cbd00000, 0x000000076b100000)
  object space 175104K, 0% used [0x00000006c1200000,0x00000006c1241708,0x00000006cbd00000)
 Metaspace       used 20361K, capacity 21276K, committed 21296K, reserved 1067008K
  class space    used 2727K, capacity 2938K, committed 2944K, reserved 1048576K
Event: 1.909 GC heap after
Heap after GC invocations=3 (full 0):
 PSYoungGen      total 76288K, used 6806K [0x000000076b100000, 0x0000000774600000, 0x00000007c0000000)
  eden space 65536K, 0% used [0x000000076b100000,0x000000076b100000,0x000000076f100000)
  from space 10752K, 63% used [0x000000076f100000,0x000000076f7a58b8,0x000000076fb80000)
  to   space 10752K, 0% used [0x0000000773b80000,0x0000000773b80000,0x0000000774600000)
 ParOldGen       total 175104K, used 269K [0x00000006c1200000, 0x00000006cbd00000, 0x000000076b100000)
  object space 175104K, 0% used [0x00000006c1200000,0x00000006c1243708,0x00000006cbd00000)
 Metaspace       used 20361K, capacity 21276K, committed 21296K, reserved 1067008K
  class space    used 2727K, capacity 2938K, committed 2944K, reserved 1048576K
}
Event: 1.909 GC heap before
{Heap before GC invocations=4 (full 1):
 PSYoungGen      total 76288K, used 6806K [0x000000076b100000, 0x0000000774600000, 0x00000007c0000000)
  eden space 65536K, 0% used [0x000000076b100000,0x000000076b100000,0x000000076f100000)
  from space 10752K, 63% used [0x000000076f100000,0x000000076f7a58b8,0x000000076fb80000)
  to   space 10752K, 0% used [0x0000000773b80000,0x0000000773b80000,0x0000000774600000)
 ParOldGen       total 175104K, used 269K [0x00000006c1200000, 0x00000006cbd00000, 0x000000076b100000)
  object space 175104K, 0% used [0x00000006c1200000,0x00000006c1243708,0x00000006cbd00000)
 Metaspace       used 20361K, capacity 21276K, committed 21296K, reserved 1067008K
  class space    used 2727K, capacity 2938K, committed 2944K, reserved 1048576K
Event: 1.930 GC heap after
Heap after GC invocations=4 (full 1):
 PSYoungGen      total 76288K, used 0K [0x000000076b100000, 0x0000000774600000, 0x00000007c0000000)
  eden space 65536K, 0% used [0x000000076b100000,0x000000076b100000,0x000000076f100000)
  from space 10752K, 0% used [0x000000076f100000,0x000000076f100000,0x000000076fb80000)
  to   space 10752K, 0% used [0x0000000773b80000,0x0000000773b80000,0x0000000774600000)
 ParOldGen       total 89088K, used 6607K [0x00000006c1200000, 0x00000006c6900000, 0x000000076b100000)
  object space 89088K, 7% used [0x00000006c1200000,0x00000006c1873cc8,0x00000006c6900000)
 Metaspace       used 20361K, capacity 21276K, committed 21296K, reserved 1067008K
  class space    used 2727K, capacity 2938K, committed 2944K, reserved 1048576K
}
Event: 2.376 GC heap before
{Heap before GC invocations=5 (full 1):
 PSYoungGen      total 76288K, used 65536K [0x000000076b100000, 0x0000000774600000, 0x00000007c0000000)
  eden space 65536K, 100% used [0x000000076b100000,0x000000076f100000,0x000000076f100000)
  from space 10752K, 0% used [0x000000076f100000,0x000000076f100000,0x000000076fb80000)
  to   space 10752K, 0% used [0x0000000773b80000,0x0000000773b80000,0x0000000774600000)
 ParOldGen       total 89088K, used 6607K [0x00000006c1200000, 0x00000006c6900000, 0x000000076b100000)
  object space 89088K, 7% used [0x00000006c1200000,0x00000006c1873cc8,0x00000006c6900000)
 Metaspace       used 26405K, capacity 27942K, committed 28288K, reserved 1073152K
  class space    used 3560K, capacity 3857K, committed 3968K, reserved 1048576K
Event: 2.381 GC heap after
Heap after GC invocations=5 (full 1):
 PSYoungGen      total 120320K, used 7348K [0x000000076b100000, 0x0000000774300000, 0x00000007c0000000)
  eden space 112640K, 0% used [0x000000076b100000,0x000000076b100000,0x0000000771f00000)
  from space 7680K, 95% used [0x0000000773b80000,0x00000007742ad130,0x0000000774300000)
  to   space 10752K, 0% used [0x0000000772e00000,0x0000000772e00000,0x0000000773880000)
 ParOldGen       total 89088K, used 6615K [0x00000006c1200000, 0x00000006c6900000, 0x000000076b100000)
  object space 89088K, 7% used [0x00000006c1200000,0x00000006c1875cc8,0x00000006c6900000)
 Metaspace       used 26405K, capacity 27942K, committed 28288K, reserved 1073152K
  class space    used 3560K, capacity 3857K, committed 3968K, reserved 1048576K
}

