# JRE version: Java(TM) SE Runtime Environment (8.0_261-b12) (build 1.8.0_261-b12)
# Java VM: Java HotSpot(TM) 64-Bit Server VM (25.261-b12 mixed mode windows-amd64 compressed oops)
Heap:
 PSYoungGen      total 122368K, used 37320K [0x000000076b100000, 0x0000000774300000, 0x00000007c0000000)
  eden space 114688K, 26% used [0x000000076b100000,0x000000076ce56868,0x0000000772100000)
  from space 7680K, 94% used [0x0000000773b80000,0x000000077429bb08,0x0000000774300000)
  to   space 10752K, 0% used [0x0000000772e00000,0x0000000772e00000,0x0000000773880000)
 ParOldGen       total 87040K, used 6583K [0x00000006c1200000, 0x00000006c6700000, 0x000000076b100000)
  object space 87040K, 7% used [0x00000006c1200000,0x00000006c186de30,0x00000006c6700000)
 Metaspace       used 28587K, capacity 30386K, committed 30592K, reserved 1075200K
  class space    used 3874K, capacity 4199K, committed 4224K, reserved 1048576K
GC Heap History (10 events):
Event: 1.188 GC heap before
{Heap before GC invocations=1 (full 0):
 PSYoungGen      total 76288K, used 65536K [0x000000076b100000, 0x0000000770600000, 0x00000007c0000000)
  eden space 65536K, 100% used [0x000000076b100000,0x000000076f100000,0x000000076f100000)
  from space 10752K, 0% used [0x000000076fb80000,0x000000076fb80000,0x0000000770600000)
  to   space 10752K, 0% used [0x000000076f100000,0x000000076f100000,0x000000076fb80000)
 ParOldGen       total 175104K, used 9K [0x00000006c1200000, 0x00000006cbd00000, 0x000000076b100000)
  object space 175104K, 0% used [0x00000006c1200000,0x00000006c1202480,0x00000006cbd00000)
 Metaspace       used 14803K, capacity 15330K, committed 15744K, reserved 1062912K
  class space    used 1903K, capacity 2053K, committed 2176K, reserved 1048576K
Event: 1.195 GC heap after
Heap after GC invocations=1 (full 0):
 PSYoungGen      total 76288K, used 8700K [0x000000076b100000, 0x0000000770600000, 0x00000007c0000000)
  eden space 65536K, 0% used [0x000000076b100000,0x000000076b100000,0x000000076f100000)
  from space 10752K, 80% used [0x000000076f100000,0x000000076f97f270,0x000000076fb80000)
  to   space 10752K, 0% used [0x000000076fb80000,0x000000076fb80000,0x0000000770600000)
 ParOldGen       total 175104K, used 25K [0x00000006c1200000, 0x00000006cbd00000, 0x000000076b100000)
  object space 175104K, 0% used [0x00000006c1200000,0x00000006c1206480,0x00000006cbd00000)
 Metaspace       used 14803K, capacity 15330K, committed 15744K, reserved 1062912K
  class space    used 1903K, capacity 2053K, committed 2176K, reserved 1048576K
}
Event: 1.626 GC heap before
{Heap before GC invocations=2 (full 0):
 PSYoungGen      total 76288K, used 74236K [0x000000076b100000, 0x0000000770600000, 0x00000007c0000000)
  eden space 65536K, 100% used [0x000000076b100000,0x000000076f100000,0x000000076f100000)
  from space 10752K, 80% used [0x000000076f100000,0x000000076f97f270,0x000000076fb80000)
  to   space 10752K, 0% used [0x000000076fb80000,0x000000076fb80000,0x0000000770600000)
 ParOldGen       total 175104K, used 27K [0x00000006c1200000, 0x00000006cbd00000, 0x000000076b100000)
  object space 175104K, 0% used [0x00000006c1200000,0x00000006c1206dd0,0x00000006cbd00000)
 Metaspace       used 19902K, capacity 20810K, committed 21120K, reserved 1067008K
  class space    used 2655K, capacity 2871K, committed 2944K, reserved 1048576K
Event: 1.633 GC heap after
Heap after GC invocations=2 (full 0):
 PSYoungGen      total 76288K, used 10745K [0x000000076b100000, 0x0000000774600000, 0x00000007c0000000)
  eden space 65536K, 0% used [0x000000076b100000,0x000000076b100000,0x000000076f100000)
  from space 10752K, 99% used [0x000000076fb80000,0x00000007705fe640,0x0000000770600000)
  to   space 10752K, 0% used [0x000000076f100000,0x000000076f100000,0x000000076fb80000)
 ParOldGen       total 175104K, used 332K [0x00000006c1200000, 0x00000006cbd00000, 0x000000076b100000)
  object space 175104K, 0% used [0x00000006c1200000,0x00000006c12530b0,0x00000006cbd00000)
 Metaspace       used 19902K, capacity 20810K, committed 21120K, reserved 1067008K
  class space    used 2655K, capacity 2871K, committed 2944K, reserved 1048576K
}
Event: 1.666 GC heap before
{Heap before GC invocations=3 (full 0):
 PSYoungGen      total 76288K, used 18067K [0x000000076b100000, 0x0000000774600000, 0x00000007c0000000)
  eden space 65536K, 11% used [0x000000076b100000,0x000000076b826840,0x000000076f100000)
  from space 10752K, 99% used [0x000000076fb80000,0x00000007705fe640,0x0000000770600000)
  to   space 10752K, 0% used [0x000000076f100000,0x000000076f100000,0x000000076fb80000)
 ParOldGen       total 175104K, used 332K [0x00000006c1200000, 0x00000006cbd00000, 0x000000076b100000)
  object space 175104K, 0% used [0x00000006c1200000,0x00000006c12530b0,0x00000006cbd00000)
 Metaspace       used 20371K, capacity 21272K, committed 21296K, reserved 1067008K
  class space    used 2722K, capacity 2938K, committed 2944K, reserved 1048576K
Event: 1.670 GC heap after
Heap after GC invocations=3 (full 0):
 PSYoungGen      total 76288K, used 6827K [0x000000076b100000, 0x0000000774600000, 0x00000007c0000000)
  eden space 65536K, 0% used [0x000000076b100000,0x000000076b100000,0x000000076f100000)
  from space 10752K, 63% used [0x000000076f100000,0x000000076f7aad30,0x000000076fb80000)
  to   space 10752K, 0% used [0x0000000773b80000,0x0000000773b80000,0x0000000774600000)
 ParOldGen       total 175104K, used 340K [0x00000006c1200000, 0x00000006cbd00000, 0x000000076b100000)
  object space 175104K, 0% used [0x00000006c1200000,0x00000006c12550b0,0x00000006cbd00000)
 Metaspace       used 20371K, capacity 21272K, committed 21296K, reserved 1067008K
  class space    used 2722K, capacity 2938K, committed 2944K, reserved 1048576K
}
Event: 1.670 GC heap before
{Heap before GC invocations=4 (full 1):
 PSYoungGen      total 76288K, used 6827K [0x000000076b100000, 0x0000000774600000, 0x00000007c0000000)
  eden space 65536K, 0% used [0x000000076b100000,0x000000076b100000,0x000000076f100000)
  from space 10752K, 63% used [0x000000076f100000,0x000000076f7aad30,0x000000076fb80000)
  to   space 10752K, 0% used [0x0000000773b80000,0x0000000773b80000,0x0000000774600000)
 ParOldGen       total 175104K, used 340K [0x00000006c1200000, 0x00000006cbd00000, 0x000000076b100000)
  object space 175104K, 0% used [0x00000006c1200000,0x00000006c12550b0,0x00000006cbd00000)
 Metaspace       used 20371K, capacity 21272K, committed 21296K, reserved 1067008K
  class space    used 2722K, capacity 2938K, committed 2944K, reserved 1048576K
Event: 1.688 GC heap after
Heap after GC invocations=4 (full 1):
 PSYoungGen      total 76288K, used 0K [0x000000076b100000, 0x0000000774600000, 0x00000007c0000000)
  eden space 65536K, 0% used [0x000000076b100000,0x000000076b100000,0x000000076f100000)
  from space 10752K, 0% used [0x000000076f100000,0x000000076f100000,0x000000076fb80000)
  to   space 10752K, 0% used [0x0000000773b80000,0x0000000773b80000,0x0000000774600000)
 ParOldGen       total 87040K, used 6575K [0x00000006c1200000, 0x00000006c6700000, 0x000000076b100000)
  object space 87040K, 7% used [0x00000006c1200000,0x00000006c186be30,0x00000006c6700000)
 Metaspace       used 20371K, capacity 21272K, committed 21296K, reserved 1067008K
  class space    used 2722K, capacity 2938K, committed 2944K, reserved 1048576K
}
Event: 2.126 GC heap before
{Heap before GC invocations=5 (full 1):
 PSYoungGen      total 76288K, used 65536K [0x000000076b100000, 0x0000000774600000, 0x00000007c0000000)
  eden space 65536K, 100% used [0x000000076b100000,0x000000076f100000,0x000000076f100000)
  from space 10752K, 0% used [0x000000076f100000,0x000000076f100000,0x000000076fb80000)
  to   space 10752K, 0% used [0x0000000773b80000,0x0000000773b80000,0x0000000774600000)
 ParOldGen       total 87040K, used 6575K [0x00000006c1200000, 0x00000006c6700000, 0x000000076b100000)
  object space 87040K, 7% used [0x00000006c1200000,0x00000006c186be30,0x00000006c6700000)
 Metaspace       used 26388K, capacity 27938K, committed 28288K, reserved 1073152K
  class space    used 3552K, capacity 3857K, committed 3968K, reserved 1048576K
Event: 2.132 GC heap after
Heap after GC invocations=5 (full 1):
 PSYoungGen      total 122368K, used 7278K [0x000000076b100000, 0x0000000774300000, 0x00000007c0000000)
  eden space 114688K, 0% used [0x000000076b100000,0x000000076b100000,0x0000000772100000)
  from space 7680K, 94% used [0x0000000773b80000,0x000000077429bb08,0x0000000774300000)
  to   space 10752K, 0% used [0x0000000772e00000,0x0000000772e00000,0x0000000773880000)
 ParOldGen       total 87040K, used 6583K [0x00000006c1200000, 0x00000006c6700000, 0x000000076b100000)
  object space 87040K, 7% used [0x00000006c1200000,0x00000006c186de30,0x00000006c6700000)
 Metaspace       used 26388K, capacity 27938K, committed 28288K, reserved 1073152K
  class space    used 3552K, capacity 3857K, committed 3968K, reserved 1048576K
}

