# JRE version: Java(TM) SE Runtime Environment (8.0_261-b12) (build 1.8.0_261-b12)
# Java VM: Java HotSpot(TM) 64-Bit Server VM (25.261-b12 mixed mode windows-amd64 compressed oops)
Heap:
 PSYoungGen      total 121344K, used 36976K [0x000000076b100000, 0x0000000774300000, 0x00000007c0000000)
  eden space 113664K, 25% used [0x000000076b100000,0x000000076cdd6b90,0x0000000772000000)
  from space 7680K, 96% used [0x0000000773b80000,0x00000007742c54f8,0x0000000774300000)
  to   space 10752K, 0% used [0x0000000772e00000,0x0000000772e00000,0x0000000773880000)
 ParOldGen       total 88064K, used 6562K [0x00000006c1200000, 0x00000006c6800000, 0x000000076b100000)
  object space 88064K, 7% used [0x00000006c1200000,0x00000006c1868a40,0x00000006c6800000)
 Metaspace       used 28613K, capacity 30390K, committed 30592K, reserved 1075200K
  class space    used 3874K, capacity 4199K, committed 4224K, reserved 1048576K
GC Heap History (10 events):
Event: 1.199 GC heap before
{Heap before GC invocations=1 (full 0):
 PSYoungGen      total 76288K, used 65536K [0x000000076b100000, 0x0000000770600000, 0x00000007c0000000)
  eden space 65536K, 100% used [0x000000076b100000,0x000000076f100000,0x000000076f100000)
  from space 10752K, 0% used [0x000000076fb80000,0x000000076fb80000,0x0000000770600000)
  to   space 10752K, 0% used [0x000000076f100000,0x000000076f100000,0x000000076fb80000)
 ParOldGen       total 175104K, used 0K [0x00000006c1200000, 0x00000006cbd00000, 0x000000076b100000)
  object space 175104K, 0% used [0x00000006c1200000,0x00000006c1200000,0x00000006cbd00000)
 Metaspace       used 14817K, capacity 15330K, committed 15744K, reserved 1062912K
  class space    used 1902K, capacity 2053K, committed 2176K, reserved 1048576K
Event: 1.206 GC heap after
Heap after GC invocations=1 (full 0):
 PSYoungGen      total 76288K, used 8734K [0x000000076b100000, 0x0000000770600000, 0x00000007c0000000)
  eden space 65536K, 0% used [0x000000076b100000,0x000000076b100000,0x000000076f100000)
  from space 10752K, 81% used [0x000000076f100000,0x000000076f987b30,0x000000076fb80000)
  to   space 10752K, 0% used [0x000000076fb80000,0x000000076fb80000,0x0000000770600000)
 ParOldGen       total 175104K, used 16K [0x00000006c1200000, 0x00000006cbd00000, 0x000000076b100000)
  object space 175104K, 0% used [0x00000006c1200000,0x00000006c1204000,0x00000006cbd00000)
 Metaspace       used 14817K, capacity 15330K, committed 15744K, reserved 1062912K
  class space    used 1902K, capacity 2053K, committed 2176K, reserved 1048576K
}
Event: 1.685 GC heap before
{Heap before GC invocations=2 (full 0):
 PSYoungGen      total 76288K, used 74270K [0x000000076b100000, 0x0000000770600000, 0x00000007c0000000)
  eden space 65536K, 100% used [0x000000076b100000,0x000000076f100000,0x000000076f100000)
  from space 10752K, 81% used [0x000000076f100000,0x000000076f987b30,0x000000076fb80000)
  to   space 10752K, 0% used [0x000000076fb80000,0x000000076fb80000,0x0000000770600000)
 ParOldGen       total 175104K, used 16K [0x00000006c1200000, 0x00000006cbd00000, 0x000000076b100000)
  object space 175104K, 0% used [0x00000006c1200000,0x00000006c1204000,0x00000006cbd00000)
 Metaspace       used 19854K, capacity 20794K, committed 21120K, reserved 1067008K
  class space    used 2643K, capacity 2857K, committed 2944K, reserved 1048576K
Event: 1.692 GC heap after
Heap after GC invocations=2 (full 0):
 PSYoungGen      total 76288K, used 10726K [0x000000076b100000, 0x0000000770600000, 0x00000007c0000000)
  eden space 65536K, 0% used [0x000000076b100000,0x000000076b100000,0x000000076f100000)
  from space 10752K, 99% used [0x000000076fb80000,0x00000007705f9858,0x0000000770600000)
  to   space 10752K, 0% used [0x000000076f100000,0x000000076f100000,0x000000076fb80000)
 ParOldGen       total 175104K, used 353K [0x00000006c1200000, 0x00000006cbd00000, 0x000000076b100000)
  object space 175104K, 0% used [0x00000006c1200000,0x00000006c1258558,0x00000006cbd00000)
 Metaspace       used 19854K, capacity 20794K, committed 21120K, reserved 1067008K
  class space    used 2643K, capacity 2857K, committed 2944K, reserved 1048576K
}
Event: 1.724 GC heap before
{Heap before GC invocations=3 (full 0):
 PSYoungGen      total 76288K, used 18955K [0x000000076b100000, 0x0000000770600000, 0x00000007c0000000)
  eden space 65536K, 12% used [0x000000076b100000,0x000000076b909520,0x000000076f100000)
  from space 10752K, 99% used [0x000000076fb80000,0x00000007705f9858,0x0000000770600000)
  to   space 10752K, 0% used [0x000000076f100000,0x000000076f100000,0x000000076fb80000)
 ParOldGen       total 175104K, used 353K [0x00000006c1200000, 0x00000006cbd00000, 0x000000076b100000)
  object space 175104K, 0% used [0x00000006c1200000,0x00000006c1258558,0x00000006cbd00000)
 Metaspace       used 20396K, capacity 21276K, committed 21296K, reserved 1067008K
  class space    used 2724K, capacity 2938K, committed 2944K, reserved 1048576K
Event: 1.728 GC heap after
Heap after GC invocations=3 (full 0):
 PSYoungGen      total 76288K, used 6786K [0x000000076b100000, 0x0000000774600000, 0x00000007c0000000)
  eden space 65536K, 0% used [0x000000076b100000,0x000000076b100000,0x000000076f100000)
  from space 10752K, 63% used [0x000000076f100000,0x000000076f7a0878,0x000000076fb80000)
  to   space 10752K, 0% used [0x0000000773b80000,0x0000000773b80000,0x0000000774600000)
 ParOldGen       total 175104K, used 361K [0x00000006c1200000, 0x00000006cbd00000, 0x000000076b100000)
  object space 175104K, 0% used [0x00000006c1200000,0x00000006c125a558,0x00000006cbd00000)
 Metaspace       used 20396K, capacity 21276K, committed 21296K, reserved 1067008K
  class space    used 2724K, capacity 2938K, committed 2944K, reserved 1048576K
}
Event: 1.728 GC heap before
{Heap before GC invocations=4 (full 1):
 PSYoungGen      total 76288K, used 6786K [0x000000076b100000, 0x0000000774600000, 0x00000007c0000000)
  eden space 65536K, 0% used [0x000000076b100000,0x000000076b100000,0x000000076f100000)
  from space 10752K, 63% used [0x000000076f100000,0x000000076f7a0878,0x000000076fb80000)
  to   space 10752K, 0% used [0x0000000773b80000,0x0000000773b80000,0x0000000774600000)
 ParOldGen       total 175104K, used 361K [0x00000006c1200000, 0x00000006cbd00000, 0x000000076b100000)
  object space 175104K, 0% used [0x00000006c1200000,0x00000006c125a558,0x00000006cbd00000)
 Metaspace       used 20396K, capacity 21276K, committed 21296K, reserved 1067008K
  class space    used 2724K, capacity 2938K, committed 2944K, reserved 1048576K
Event: 1.747 GC heap after
Heap after GC invocations=4 (full 1):
 PSYoungGen      total 76288K, used 0K [0x000000076b100000, 0x0000000774600000, 0x00000007c0000000)
  eden space 65536K, 0% used [0x000000076b100000,0x000000076b100000,0x000000076f100000)
  from space 10752K, 0% used [0x000000076f100000,0x000000076f100000,0x000000076fb80000)
  to   space 10752K, 0% used [0x0000000773b80000,0x0000000773b80000,0x0000000774600000)
 ParOldGen       total 88064K, used 6554K [0x00000006c1200000, 0x00000006c6800000, 0x000000076b100000)
  object space 88064K, 7% used [0x00000006c1200000,0x00000006c1866a40,0x00000006c6800000)
 Metaspace       used 20396K, capacity 21276K, committed 21296K, reserved 1067008K
  class space    used 2724K, capacity 2938K, committed 2944K, reserved 1048576K
}
Event: 2.157 GC heap before
{Heap before GC invocations=5 (full 1):
 PSYoungGen      total 76288K, used 65536K [0x000000076b100000, 0x0000000774600000, 0x00000007c0000000)
  eden space 65536K, 100% used [0x000000076b100000,0x000000076f100000,0x000000076f100000)
  from space 10752K, 0% used [0x000000076f100000,0x000000076f100000,0x000000076fb80000)
  to   space 10752K, 0% used [0x0000000773b80000,0x0000000773b80000,0x0000000774600000)
 ParOldGen       total 88064K, used 6554K [0x00000006c1200000, 0x00000006c6800000, 0x000000076b100000)
  object space 88064K, 7% used [0x00000006c1200000,0x00000006c1866a40,0x00000006c6800000)
 Metaspace       used 26535K, capacity 28076K, committed 28288K, reserved 1073152K
  class space    used 3568K, capacity 3858K, committed 3968K, reserved 1048576K
Event: 2.163 GC heap after
Heap after GC invocations=5 (full 1):
 PSYoungGen      total 121344K, used 7445K [0x000000076b100000, 0x0000000774300000, 0x00000007c0000000)
  eden space 113664K, 0% used [0x000000076b100000,0x000000076b100000,0x0000000772000000)
  from space 7680K, 96% used [0x0000000773b80000,0x00000007742c54f8,0x0000000774300000)
  to   space 10752K, 0% used [0x0000000772e00000,0x0000000772e00000,0x0000000773880000)
 ParOldGen       total 88064K, used 6562K [0x00000006c1200000, 0x00000006c6800000, 0x000000076b100000)
  object space 88064K, 7% used [0x00000006c1200000,0x00000006c1868a40,0x00000006c6800000)
 Metaspace       used 26535K, capacity 28076K, committed 28288K, reserved 1073152K
  class space    used 3568K, capacity 3858K, committed 3968K, reserved 1048576K
}

